running egg_info
creating ../../../build/robot_gui/robot_gui.egg-info
writing ../../../build/robot_gui/robot_gui.egg-info/PKG-INFO
writing dependency_links to ../../../build/robot_gui/robot_gui.egg-info/dependency_links.txt
writing entry points to ../../../build/robot_gui/robot_gui.egg-info/entry_points.txt
writing requirements to ../../../build/robot_gui/robot_gui.egg-info/requires.txt
writing top-level names to ../../../build/robot_gui/robot_gui.egg-info/top_level.txt
writing manifest file '../../../build/robot_gui/robot_gui.egg-info/SOURCES.txt'
reading manifest file '../../../build/robot_gui/robot_gui.egg-info/SOURCES.txt'
writing manifest file '../../../build/robot_gui/robot_gui.egg-info/SOURCES.txt'
running build
running build_py
creating /home/chawanvit/build/robot_gui/build
creating /home/chawanvit/build/robot_gui/build/lib
creating /home/chawanvit/build/robot_gui/build/lib/robot_gui
copying robot_gui/__init__.py -> /home/chawanvit/build/robot_gui/build/lib/robot_gui
running install
running install_lib
creating /home/chawanvit/install/robot_gui/lib/python3.10/site-packages/robot_gui
copying /home/chawanvit/build/robot_gui/build/lib/robot_gui/__init__.py -> /home/chawanvit/install/robot_gui/lib/python3.10/site-packages/robot_gui
byte-compiling /home/chawanvit/install/robot_gui/lib/python3.10/site-packages/robot_gui/__init__.py to __init__.cpython-310.pyc
running install_data
creating /home/chawanvit/install/robot_gui/share/ament_index
creating /home/chawanvit/install/robot_gui/share/ament_index/resource_index
creating /home/chawanvit/install/robot_gui/share/ament_index/resource_index/packages
copying resource/robot_gui -> /home/chawanvit/install/robot_gui/share/ament_index/resource_index/packages
copying package.xml -> /home/chawanvit/install/robot_gui/share/robot_gui
running install_egg_info
Copying ../../../build/robot_gui/robot_gui.egg-info to /home/chawanvit/install/robot_gui/lib/python3.10/site-packages/robot_gui-0.0.0-py3.10.egg-info
running install_scripts
writing list of installed files to '/home/chawanvit/build/robot_gui/install.log'
