[0.033s] Invoking command in '/home/chawanvit/build/micro_ros_msgs': CMAKE_PREFIX_PATH=/opt/ros/humble /usr/bin/cmake /home/chawanvit/ros2_ws/src/microros_ws/src/uros/micro_ros_msgs -DCMAKE_INSTALL_PREFIX=/home/chawanvit/install/micro_ros_msgs
[0.182s] -- The C compiler identification is GNU 11.4.0
[0.309s] -- The CXX compiler identification is GNU 11.4.0
[0.328s] -- Detecting C compiler ABI info
[0.508s] -- Detecting C compiler ABI info - done
[0.521s] -- Check for working C compiler: /usr/bin/cc - skipped
[0.522s] -- Detecting C compile features
[0.522s] -- Detecting C compile features - done
[0.527s] -- Detecting CXX compiler ABI info
[0.741s] -- Detecting CXX compiler ABI info - done
[0.759s] -- Check for working CXX compiler: /usr/bin/c++ - skipped
[0.760s] -- Detecting CXX compile features
[0.762s] -- Detecting CXX compile features - done
[0.766s] -- Found ament_cmake: 1.3.12 (/opt/ros/humble/share/ament_cmake/cmake)
[1.072s] -- Found Python3: /usr/bin/python3 (found version "3.10.12") found components: Interpreter 
[1.234s] -- Found rosidl_default_generators: 1.2.0 (/opt/ros/humble/share/rosidl_default_generators/cmake)
[1.243s] -- Using all available rosidl_typesupport_c: rosidl_typesupport_fastrtps_c;rosidl_typesupport_introspection_c
[1.258s] -- Found rosidl_adapter: 3.1.8 (/opt/ros/humble/share/rosidl_adapter/cmake)
[1.333s] -- Using all available rosidl_typesupport_cpp: rosidl_typesupport_fastrtps_cpp;rosidl_typesupport_introspection_cpp
[1.393s] -- Found ament_lint_auto: 0.12.14 (/opt/ros/humble/share/ament_lint_auto/cmake)
[1.980s] -- Found ament_cmake_ros: 0.10.0 (/opt/ros/humble/share/ament_cmake_ros/cmake)
[2.340s] -- Using all available rosidl_typesupport_c: rosidl_typesupport_fastrtps_c;rosidl_typesupport_introspection_c
[2.811s] -- Using all available rosidl_typesupport_cpp: rosidl_typesupport_fastrtps_cpp;rosidl_typesupport_introspection_cpp
[2.861s] -- Found PythonInterp: /usr/bin/python3 (found suitable version "3.10.12", minimum required is "3.6") 
[2.870s] -- Found python_cmake_module: 0.10.0 (/opt/ros/humble/share/python_cmake_module/cmake)
[2.924s] -- Found PythonLibs: /usr/lib/x86_64-linux-gnu/libpython3.10.so (found suitable version "3.10.12", minimum required is "3.5") 
[2.925s] -- Using PYTHON_EXECUTABLE: /usr/bin/python3
[2.926s] -- Using PYTHON_INCLUDE_DIRS: /usr/include/python3.10
[2.926s] -- Using PYTHON_LIBRARIES: /usr/lib/x86_64-linux-gnu/libpython3.10.so
[2.978s] -- Found PythonExtra: .so  
[3.058s] -- Added test 'copyright' to check source files copyright and LICENSE
[3.080s] -- Added test 'lint_cmake' to check CMake code style
[3.090s] -- Added test 'xmllint' to check XML markup files
[3.099s] -- Configuring done
[3.161s] -- Generating done
[3.185s] -- Build files have been written to: /home/chawanvit/build/micro_ros_msgs
[3.196s] Invoked command in '/home/chawanvit/build/micro_ros_msgs' returned '0': CMAKE_PREFIX_PATH=/opt/ros/humble /usr/bin/cmake /home/chawanvit/ros2_ws/src/microros_ws/src/uros/micro_ros_msgs -DCMAKE_INSTALL_PREFIX=/home/chawanvit/install/micro_ros_msgs
[3.197s] Invoking command in '/home/chawanvit/build/micro_ros_msgs': CMAKE_PREFIX_PATH=/opt/ros/humble /usr/bin/cmake --build /home/chawanvit/build/micro_ros_msgs -- -j2 -l2
[3.323s] [  2%] [34m[1mGenerating C code for ROS interfaces[0m
[3.326s] [  4%] [34m[1mGenerating C++ code for ROS interfaces[0m
[4.365s] [  4%] Built target micro_ros_msgs__cpp
[4.437s] [  6%] Built target ament_cmake_python_copy_micro_ros_msgs
[4.437s] [  6%] [32mBuilding C object CMakeFiles/micro_ros_msgs__rosidl_generator_c.dir/rosidl_generator_c/micro_ros_msgs/msg/detail/graph__functions.c.o[0m
[4.465s] [  8%] [34m[1mGenerating C++ type support dispatch for ROS interfaces[0m
[4.539s] [ 10%] [32mBuilding C object CMakeFiles/micro_ros_msgs__rosidl_generator_c.dir/rosidl_generator_c/micro_ros_msgs/msg/detail/node__functions.c.o[0m
[4.645s] [ 12%] [32mBuilding C object CMakeFiles/micro_ros_msgs__rosidl_generator_c.dir/rosidl_generator_c/micro_ros_msgs/msg/detail/entity__functions.c.o[0m
[4.741s] [ 14%] [32m[1mLinking C shared library libmicro_ros_msgs__rosidl_generator_c.so[0m
[4.864s] [ 14%] Built target micro_ros_msgs__rosidl_generator_c
[4.915s] [ 17%] [34m[1mGenerating C++ type support for eProsima Fast-RTPS[0m
[5.039s] [ 19%] [32mBuilding CXX object CMakeFiles/micro_ros_msgs__rosidl_typesupport_cpp.dir/rosidl_typesupport_cpp/micro_ros_msgs/msg/graph__type_support.cpp.o[0m
[5.561s] [ 21%] [32mBuilding CXX object CMakeFiles/micro_ros_msgs__rosidl_typesupport_cpp.dir/rosidl_typesupport_cpp/micro_ros_msgs/msg/node__type_support.cpp.o[0m
[5.569s] [ 23%] [32mBuilding CXX object CMakeFiles/micro_ros_msgs__rosidl_typesupport_fastrtps_cpp.dir/rosidl_typesupport_fastrtps_cpp/micro_ros_msgs/msg/detail/dds_fastrtps/graph__type_support.cpp.o[0m
[6.029s] [ 25%] [32mBuilding CXX object CMakeFiles/micro_ros_msgs__rosidl_typesupport_cpp.dir/rosidl_typesupport_cpp/micro_ros_msgs/msg/entity__type_support.cpp.o[0m
[6.404s] [ 27%] [32mBuilding CXX object CMakeFiles/micro_ros_msgs__rosidl_typesupport_fastrtps_cpp.dir/rosidl_typesupport_fastrtps_cpp/micro_ros_msgs/msg/detail/dds_fastrtps/node__type_support.cpp.o[0m
[6.500s] [ 29%] [32m[1mLinking CXX shared library libmicro_ros_msgs__rosidl_typesupport_cpp.so[0m
[6.593s] [ 29%] Built target micro_ros_msgs__rosidl_typesupport_cpp
[6.619s] [ 31%] [34m[1mGenerating C++ introspection for ROS interfaces[0m
[7.156s] [ 34%] [32mBuilding CXX object CMakeFiles/micro_ros_msgs__rosidl_typesupport_fastrtps_cpp.dir/rosidl_typesupport_fastrtps_cpp/micro_ros_msgs/msg/detail/dds_fastrtps/entity__type_support.cpp.o[0m
[7.206s] [ 36%] [32mBuilding CXX object CMakeFiles/micro_ros_msgs__rosidl_typesupport_introspection_cpp.dir/rosidl_typesupport_introspection_cpp/micro_ros_msgs/msg/detail/graph__type_support.cpp.o[0m
[7.899s] [ 38%] [32m[1mLinking CXX shared library libmicro_ros_msgs__rosidl_typesupport_fastrtps_cpp.so[0m
[8.061s] [ 38%] Built target micro_ros_msgs__rosidl_typesupport_fastrtps_cpp
[8.147s] [ 40%] [32mBuilding CXX object CMakeFiles/micro_ros_msgs__rosidl_typesupport_introspection_cpp.dir/rosidl_typesupport_introspection_cpp/micro_ros_msgs/msg/detail/node__type_support.cpp.o[0m
[8.455s] running egg_info
[8.457s] creating micro_ros_msgs.egg-info
[8.458s] writing micro_ros_msgs.egg-info/PKG-INFO
[8.458s] writing dependency_links to micro_ros_msgs.egg-info/dependency_links.txt
[8.458s] writing top-level names to micro_ros_msgs.egg-info/top_level.txt
[8.458s] writing manifest file 'micro_ros_msgs.egg-info/SOURCES.txt'
[8.461s] reading manifest file 'micro_ros_msgs.egg-info/SOURCES.txt'
[8.463s] writing manifest file 'micro_ros_msgs.egg-info/SOURCES.txt'
[8.516s] [ 40%] Built target ament_cmake_python_build_micro_ros_msgs_egg
[8.550s] [ 42%] [34m[1mGenerating C type support for eProsima Fast-RTPS[0m
[9.009s] [ 44%] [32mBuilding CXX object CMakeFiles/micro_ros_msgs__rosidl_typesupport_introspection_cpp.dir/rosidl_typesupport_introspection_cpp/micro_ros_msgs/msg/detail/entity__type_support.cpp.o[0m
[9.197s] [ 46%] [32mBuilding CXX object CMakeFiles/micro_ros_msgs__rosidl_typesupport_fastrtps_c.dir/rosidl_typesupport_fastrtps_c/micro_ros_msgs/msg/detail/graph__type_support_c.cpp.o[0m
[9.789s] [ 48%] [32mBuilding CXX object CMakeFiles/micro_ros_msgs__rosidl_typesupport_fastrtps_c.dir/rosidl_typesupport_fastrtps_c/micro_ros_msgs/msg/detail/node__type_support_c.cpp.o[0m
[9.819s] [ 51%] [32m[1mLinking CXX shared library libmicro_ros_msgs__rosidl_typesupport_introspection_cpp.so[0m
[9.987s] [ 51%] Built target micro_ros_msgs__rosidl_typesupport_introspection_cpp
[10.010s] [ 53%] [34m[1mGenerating C introspection for ROS interfaces[0m
[10.361s] [ 55%] [32mBuilding CXX object CMakeFiles/micro_ros_msgs__rosidl_typesupport_fastrtps_c.dir/rosidl_typesupport_fastrtps_c/micro_ros_msgs/msg/detail/entity__type_support_c.cpp.o[0m
[10.690s] [ 57%] [32mBuilding C object CMakeFiles/micro_ros_msgs__rosidl_typesupport_introspection_c.dir/rosidl_typesupport_introspection_c/micro_ros_msgs/msg/detail/graph__type_support.c.o[0m
[10.761s] [ 59%] [32mBuilding C object CMakeFiles/micro_ros_msgs__rosidl_typesupport_introspection_c.dir/rosidl_typesupport_introspection_c/micro_ros_msgs/msg/detail/node__type_support.c.o[0m
[10.854s] [ 61%] [32mBuilding C object CMakeFiles/micro_ros_msgs__rosidl_typesupport_introspection_c.dir/rosidl_typesupport_introspection_c/micro_ros_msgs/msg/detail/entity__type_support.c.o[0m
[10.936s] [ 63%] [32m[1mLinking CXX shared library libmicro_ros_msgs__rosidl_typesupport_fastrtps_c.so[0m
[10.936s] [ 65%] [32m[1mLinking C shared library libmicro_ros_msgs__rosidl_typesupport_introspection_c.so[0m
[11.014s] [ 65%] Built target micro_ros_msgs__rosidl_typesupport_introspection_c
[11.038s] [ 68%] [34m[1mGenerating C type support dispatch for ROS interfaces[0m
[11.096s] [ 68%] Built target micro_ros_msgs__rosidl_typesupport_fastrtps_c
[11.545s] [ 72%] [32mBuilding CXX object CMakeFiles/micro_ros_msgs__rosidl_typesupport_c.dir/rosidl_typesupport_c/micro_ros_msgs/msg/node__type_support.cpp.o[0m
[11.546s] [ 72%] [32mBuilding CXX object CMakeFiles/micro_ros_msgs__rosidl_typesupport_c.dir/rosidl_typesupport_c/micro_ros_msgs/msg/graph__type_support.cpp.o[0m
[11.616s] [ 74%] [32mBuilding CXX object CMakeFiles/micro_ros_msgs__rosidl_typesupport_c.dir/rosidl_typesupport_c/micro_ros_msgs/msg/entity__type_support.cpp.o[0m
[11.686s] [ 76%] [32m[1mLinking CXX shared library libmicro_ros_msgs__rosidl_typesupport_c.so[0m
[11.787s] [ 76%] Built target micro_ros_msgs__rosidl_typesupport_c
[11.843s] [ 76%] Built target micro_ros_msgs
[11.901s] [ 78%] [34m[1mGenerating Python code for ROS interfaces[0m
[12.823s] [ 78%] Built target micro_ros_msgs__py
[12.878s] [ 82%] [32mBuilding C object CMakeFiles/micro_ros_msgs__rosidl_generator_py.dir/rosidl_generator_py/micro_ros_msgs/msg/_node_s.c.o[0m
[12.878s] [ 82%] [32mBuilding C object CMakeFiles/micro_ros_msgs__rosidl_generator_py.dir/rosidl_generator_py/micro_ros_msgs/msg/_graph_s.c.o[0m
[13.081s] [ 85%] [32mBuilding C object CMakeFiles/micro_ros_msgs__rosidl_generator_py.dir/rosidl_generator_py/micro_ros_msgs/msg/_entity_s.c.o[0m
[13.287s] [ 87%] [32m[1mLinking C shared library rosidl_generator_py/micro_ros_msgs/libmicro_ros_msgs__rosidl_generator_py.so[0m
[13.376s] [ 87%] Built target micro_ros_msgs__rosidl_generator_py
[13.435s] [ 91%] [32mBuilding C object CMakeFiles/micro_ros_msgs__rosidl_typesupport_fastrtps_c__pyext.dir/rosidl_generator_py/micro_ros_msgs/_micro_ros_msgs_s.ep.rosidl_typesupport_fastrtps_c.c.o[0m
[13.435s] [ 91%] [32mBuilding C object CMakeFiles/micro_ros_msgs__rosidl_typesupport_introspection_c__pyext.dir/rosidl_generator_py/micro_ros_msgs/_micro_ros_msgs_s.ep.rosidl_typesupport_introspection_c.c.o[0m
[13.638s] [ 93%] [32m[1mLinking C shared library rosidl_generator_py/micro_ros_msgs/micro_ros_msgs_s__rosidl_typesupport_introspection_c.cpython-310-x86_64-linux-gnu.so[0m
[13.646s] [ 95%] [32m[1mLinking C shared library rosidl_generator_py/micro_ros_msgs/micro_ros_msgs_s__rosidl_typesupport_fastrtps_c.cpython-310-x86_64-linux-gnu.so[0m
[13.728s] [ 95%] Built target micro_ros_msgs__rosidl_typesupport_introspection_c__pyext
[13.730s] [ 95%] Built target micro_ros_msgs__rosidl_typesupport_fastrtps_c__pyext
[13.782s] [ 97%] [32mBuilding C object CMakeFiles/micro_ros_msgs__rosidl_typesupport_c__pyext.dir/rosidl_generator_py/micro_ros_msgs/_micro_ros_msgs_s.ep.rosidl_typesupport_c.c.o[0m
[13.969s] [100%] [32m[1mLinking C shared library rosidl_generator_py/micro_ros_msgs/micro_ros_msgs_s__rosidl_typesupport_c.cpython-310-x86_64-linux-gnu.so[0m
[14.051s] [100%] Built target micro_ros_msgs__rosidl_typesupport_c__pyext
[14.085s] Invoked command in '/home/chawanvit/build/micro_ros_msgs' returned '0': CMAKE_PREFIX_PATH=/opt/ros/humble /usr/bin/cmake --build /home/chawanvit/build/micro_ros_msgs -- -j2 -l2
[14.085s] Invoking command in '/home/chawanvit/build/micro_ros_msgs': CMAKE_PREFIX_PATH=/opt/ros/humble /usr/bin/cmake --install /home/chawanvit/build/micro_ros_msgs
[14.104s] -- Install configuration: ""
[14.104s] -- Installing: /home/chawanvit/install/micro_ros_msgs/share/ament_index/resource_index/rosidl_interfaces/micro_ros_msgs
[14.105s] -- Installing: /home/chawanvit/install/micro_ros_msgs/include/micro_ros_msgs/micro_ros_msgs
[14.105s] -- Installing: /home/chawanvit/install/micro_ros_msgs/include/micro_ros_msgs/micro_ros_msgs/msg
[14.105s] -- Installing: /home/chawanvit/install/micro_ros_msgs/include/micro_ros_msgs/micro_ros_msgs/msg/graph.h
[14.106s] -- Installing: /home/chawanvit/install/micro_ros_msgs/include/micro_ros_msgs/micro_ros_msgs/msg/rosidl_generator_c__visibility_control.h
[14.106s] -- Installing: /home/chawanvit/install/micro_ros_msgs/include/micro_ros_msgs/micro_ros_msgs/msg/entity.h
[14.107s] -- Installing: /home/chawanvit/install/micro_ros_msgs/include/micro_ros_msgs/micro_ros_msgs/msg/node.h
[14.107s] -- Installing: /home/chawanvit/install/micro_ros_msgs/include/micro_ros_msgs/micro_ros_msgs/msg/detail
[14.107s] -- Installing: /home/chawanvit/install/micro_ros_msgs/include/micro_ros_msgs/micro_ros_msgs/msg/detail/graph__functions.h
[14.108s] -- Installing: /home/chawanvit/install/micro_ros_msgs/include/micro_ros_msgs/micro_ros_msgs/msg/detail/node__functions.h
[14.108s] -- Installing: /home/chawanvit/install/micro_ros_msgs/include/micro_ros_msgs/micro_ros_msgs/msg/detail/node__type_support.h
[14.108s] -- Installing: /home/chawanvit/install/micro_ros_msgs/include/micro_ros_msgs/micro_ros_msgs/msg/detail/entity__struct.h
[14.109s] -- Installing: /home/chawanvit/install/micro_ros_msgs/include/micro_ros_msgs/micro_ros_msgs/msg/detail/node__struct.h
[14.109s] -- Installing: /home/chawanvit/install/micro_ros_msgs/include/micro_ros_msgs/micro_ros_msgs/msg/detail/entity__functions.h
[14.109s] -- Installing: /home/chawanvit/install/micro_ros_msgs/include/micro_ros_msgs/micro_ros_msgs/msg/detail/graph__struct.h
[14.111s] -- Installing: /home/chawanvit/install/micro_ros_msgs/include/micro_ros_msgs/micro_ros_msgs/msg/detail/node__functions.c
[14.111s] -- Installing: /home/chawanvit/install/micro_ros_msgs/include/micro_ros_msgs/micro_ros_msgs/msg/detail/entity__functions.c
[14.111s] -- Installing: /home/chawanvit/install/micro_ros_msgs/include/micro_ros_msgs/micro_ros_msgs/msg/detail/graph__functions.c
[14.111s] -- Installing: /home/chawanvit/install/micro_ros_msgs/include/micro_ros_msgs/micro_ros_msgs/msg/detail/entity__type_support.h
[14.112s] -- Installing: /home/chawanvit/install/micro_ros_msgs/include/micro_ros_msgs/micro_ros_msgs/msg/detail/graph__type_support.h
[14.112s] -- Installing: /home/chawanvit/install/micro_ros_msgs/share/micro_ros_msgs/environment/library_path.sh
[14.112s] -- Installing: /home/chawanvit/install/micro_ros_msgs/share/micro_ros_msgs/environment/library_path.dsv
[14.113s] -- Installing: /home/chawanvit/install/micro_ros_msgs/lib/libmicro_ros_msgs__rosidl_generator_c.so
[14.113s] -- Set runtime path of "/home/chawanvit/install/micro_ros_msgs/lib/libmicro_ros_msgs__rosidl_generator_c.so" to ""
[14.114s] -- Up-to-date: /home/chawanvit/install/micro_ros_msgs/include/micro_ros_msgs/micro_ros_msgs
[14.114s] -- Up-to-date: /home/chawanvit/install/micro_ros_msgs/include/micro_ros_msgs/micro_ros_msgs/msg
[14.114s] -- Installing: /home/chawanvit/install/micro_ros_msgs/include/micro_ros_msgs/micro_ros_msgs/msg/rosidl_typesupport_fastrtps_c__visibility_control.h
[14.114s] -- Up-to-date: /home/chawanvit/install/micro_ros_msgs/include/micro_ros_msgs/micro_ros_msgs/msg/detail
[14.114s] -- Installing: /home/chawanvit/install/micro_ros_msgs/include/micro_ros_msgs/micro_ros_msgs/msg/detail/graph__rosidl_typesupport_fastrtps_c.h
[14.114s] -- Installing: /home/chawanvit/install/micro_ros_msgs/include/micro_ros_msgs/micro_ros_msgs/msg/detail/entity__rosidl_typesupport_fastrtps_c.h
[14.114s] -- Installing: /home/chawanvit/install/micro_ros_msgs/include/micro_ros_msgs/micro_ros_msgs/msg/detail/node__rosidl_typesupport_fastrtps_c.h
[14.116s] -- Installing: /home/chawanvit/install/micro_ros_msgs/lib/libmicro_ros_msgs__rosidl_typesupport_fastrtps_c.so
[14.116s] -- Set runtime path of "/home/chawanvit/install/micro_ros_msgs/lib/libmicro_ros_msgs__rosidl_typesupport_fastrtps_c.so" to ""
[14.116s] -- Up-to-date: /home/chawanvit/install/micro_ros_msgs/include/micro_ros_msgs/micro_ros_msgs
[14.117s] -- Up-to-date: /home/chawanvit/install/micro_ros_msgs/include/micro_ros_msgs/micro_ros_msgs/msg
[14.117s] -- Installing: /home/chawanvit/install/micro_ros_msgs/include/micro_ros_msgs/micro_ros_msgs/msg/rosidl_typesupport_introspection_c__visibility_control.h
[14.118s] -- Up-to-date: /home/chawanvit/install/micro_ros_msgs/include/micro_ros_msgs/micro_ros_msgs/msg/detail
[14.118s] -- Installing: /home/chawanvit/install/micro_ros_msgs/include/micro_ros_msgs/micro_ros_msgs/msg/detail/entity__rosidl_typesupport_introspection_c.h
[14.118s] -- Installing: /home/chawanvit/install/micro_ros_msgs/include/micro_ros_msgs/micro_ros_msgs/msg/detail/graph__rosidl_typesupport_introspection_c.h
[14.118s] -- Installing: /home/chawanvit/install/micro_ros_msgs/include/micro_ros_msgs/micro_ros_msgs/msg/detail/node__type_support.c
[14.118s] -- Installing: /home/chawanvit/install/micro_ros_msgs/include/micro_ros_msgs/micro_ros_msgs/msg/detail/graph__type_support.c
[14.118s] -- Installing: /home/chawanvit/install/micro_ros_msgs/include/micro_ros_msgs/micro_ros_msgs/msg/detail/entity__type_support.c
[14.119s] -- Installing: /home/chawanvit/install/micro_ros_msgs/include/micro_ros_msgs/micro_ros_msgs/msg/detail/node__rosidl_typesupport_introspection_c.h
[14.119s] -- Installing: /home/chawanvit/install/micro_ros_msgs/lib/libmicro_ros_msgs__rosidl_typesupport_introspection_c.so
[14.120s] -- Set runtime path of "/home/chawanvit/install/micro_ros_msgs/lib/libmicro_ros_msgs__rosidl_typesupport_introspection_c.so" to ""
[14.120s] -- Installing: /home/chawanvit/install/micro_ros_msgs/lib/libmicro_ros_msgs__rosidl_typesupport_c.so
[14.120s] -- Set runtime path of "/home/chawanvit/install/micro_ros_msgs/lib/libmicro_ros_msgs__rosidl_typesupport_c.so" to ""
[14.121s] -- Up-to-date: /home/chawanvit/install/micro_ros_msgs/include/micro_ros_msgs/micro_ros_msgs
[14.121s] -- Up-to-date: /home/chawanvit/install/micro_ros_msgs/include/micro_ros_msgs/micro_ros_msgs/msg
[14.121s] -- Installing: /home/chawanvit/install/micro_ros_msgs/include/micro_ros_msgs/micro_ros_msgs/msg/rosidl_generator_cpp__visibility_control.hpp
[14.121s] -- Installing: /home/chawanvit/install/micro_ros_msgs/include/micro_ros_msgs/micro_ros_msgs/msg/graph.hpp
[14.122s] -- Installing: /home/chawanvit/install/micro_ros_msgs/include/micro_ros_msgs/micro_ros_msgs/msg/node.hpp
[14.122s] -- Installing: /home/chawanvit/install/micro_ros_msgs/include/micro_ros_msgs/micro_ros_msgs/msg/entity.hpp
[14.122s] -- Up-to-date: /home/chawanvit/install/micro_ros_msgs/include/micro_ros_msgs/micro_ros_msgs/msg/detail
[14.122s] -- Installing: /home/chawanvit/install/micro_ros_msgs/include/micro_ros_msgs/micro_ros_msgs/msg/detail/entity__type_support.hpp
[14.123s] -- Installing: /home/chawanvit/install/micro_ros_msgs/include/micro_ros_msgs/micro_ros_msgs/msg/detail/node__type_support.hpp
[14.123s] -- Installing: /home/chawanvit/install/micro_ros_msgs/include/micro_ros_msgs/micro_ros_msgs/msg/detail/node__builder.hpp
[14.123s] -- Installing: /home/chawanvit/install/micro_ros_msgs/include/micro_ros_msgs/micro_ros_msgs/msg/detail/graph__struct.hpp
[14.124s] -- Installing: /home/chawanvit/install/micro_ros_msgs/include/micro_ros_msgs/micro_ros_msgs/msg/detail/entity__traits.hpp
[14.125s] -- Installing: /home/chawanvit/install/micro_ros_msgs/include/micro_ros_msgs/micro_ros_msgs/msg/detail/node__traits.hpp
[14.126s] -- Installing: /home/chawanvit/install/micro_ros_msgs/include/micro_ros_msgs/micro_ros_msgs/msg/detail/graph__type_support.hpp
[14.126s] -- Installing: /home/chawanvit/install/micro_ros_msgs/include/micro_ros_msgs/micro_ros_msgs/msg/detail/entity__struct.hpp
[14.126s] -- Installing: /home/chawanvit/install/micro_ros_msgs/include/micro_ros_msgs/micro_ros_msgs/msg/detail/graph__traits.hpp
[14.126s] -- Installing: /home/chawanvit/install/micro_ros_msgs/include/micro_ros_msgs/micro_ros_msgs/msg/detail/entity__builder.hpp
[14.126s] -- Installing: /home/chawanvit/install/micro_ros_msgs/include/micro_ros_msgs/micro_ros_msgs/msg/detail/node__struct.hpp
[14.127s] -- Installing: /home/chawanvit/install/micro_ros_msgs/include/micro_ros_msgs/micro_ros_msgs/msg/detail/graph__builder.hpp
[14.127s] -- Up-to-date: /home/chawanvit/install/micro_ros_msgs/include/micro_ros_msgs/micro_ros_msgs
[14.127s] -- Up-to-date: /home/chawanvit/install/micro_ros_msgs/include/micro_ros_msgs/micro_ros_msgs/msg
[14.127s] -- Installing: /home/chawanvit/install/micro_ros_msgs/include/micro_ros_msgs/micro_ros_msgs/msg/rosidl_typesupport_fastrtps_cpp__visibility_control.h
[14.128s] -- Up-to-date: /home/chawanvit/install/micro_ros_msgs/include/micro_ros_msgs/micro_ros_msgs/msg/detail
[14.128s] -- Installing: /home/chawanvit/install/micro_ros_msgs/include/micro_ros_msgs/micro_ros_msgs/msg/detail/entity__rosidl_typesupport_fastrtps_cpp.hpp
[14.128s] -- Installing: /home/chawanvit/install/micro_ros_msgs/include/micro_ros_msgs/micro_ros_msgs/msg/detail/dds_fastrtps
[14.129s] -- Installing: /home/chawanvit/install/micro_ros_msgs/include/micro_ros_msgs/micro_ros_msgs/msg/detail/graph__rosidl_typesupport_fastrtps_cpp.hpp
[14.129s] -- Installing: /home/chawanvit/install/micro_ros_msgs/include/micro_ros_msgs/micro_ros_msgs/msg/detail/node__rosidl_typesupport_fastrtps_cpp.hpp
[14.130s] -- Installing: /home/chawanvit/install/micro_ros_msgs/lib/libmicro_ros_msgs__rosidl_typesupport_fastrtps_cpp.so
[14.131s] -- Set runtime path of "/home/chawanvit/install/micro_ros_msgs/lib/libmicro_ros_msgs__rosidl_typesupport_fastrtps_cpp.so" to ""
[14.131s] -- Up-to-date: /home/chawanvit/install/micro_ros_msgs/include/micro_ros_msgs/micro_ros_msgs
[14.131s] -- Up-to-date: /home/chawanvit/install/micro_ros_msgs/include/micro_ros_msgs/micro_ros_msgs/msg
[14.131s] -- Up-to-date: /home/chawanvit/install/micro_ros_msgs/include/micro_ros_msgs/micro_ros_msgs/msg/detail
[14.131s] -- Installing: /home/chawanvit/install/micro_ros_msgs/include/micro_ros_msgs/micro_ros_msgs/msg/detail/entity__type_support.cpp
[14.131s] -- Installing: /home/chawanvit/install/micro_ros_msgs/include/micro_ros_msgs/micro_ros_msgs/msg/detail/entity__rosidl_typesupport_introspection_cpp.hpp
[14.132s] -- Installing: /home/chawanvit/install/micro_ros_msgs/include/micro_ros_msgs/micro_ros_msgs/msg/detail/node__type_support.cpp
[14.133s] -- Installing: /home/chawanvit/install/micro_ros_msgs/include/micro_ros_msgs/micro_ros_msgs/msg/detail/node__rosidl_typesupport_introspection_cpp.hpp
[14.133s] -- Installing: /home/chawanvit/install/micro_ros_msgs/include/micro_ros_msgs/micro_ros_msgs/msg/detail/graph__rosidl_typesupport_introspection_cpp.hpp
[14.133s] -- Installing: /home/chawanvit/install/micro_ros_msgs/include/micro_ros_msgs/micro_ros_msgs/msg/detail/graph__type_support.cpp
[14.133s] -- Installing: /home/chawanvit/install/micro_ros_msgs/lib/libmicro_ros_msgs__rosidl_typesupport_introspection_cpp.so
[14.135s] -- Set runtime path of "/home/chawanvit/install/micro_ros_msgs/lib/libmicro_ros_msgs__rosidl_typesupport_introspection_cpp.so" to ""
[14.135s] -- Installing: /home/chawanvit/install/micro_ros_msgs/lib/libmicro_ros_msgs__rosidl_typesupport_cpp.so
[14.135s] -- Set runtime path of "/home/chawanvit/install/micro_ros_msgs/lib/libmicro_ros_msgs__rosidl_typesupport_cpp.so" to ""
[14.135s] -- Installing: /home/chawanvit/install/micro_ros_msgs/share/micro_ros_msgs/environment/pythonpath.sh
[14.136s] -- Installing: /home/chawanvit/install/micro_ros_msgs/share/micro_ros_msgs/environment/pythonpath.dsv
[14.136s] -- Installing: /home/chawanvit/install/micro_ros_msgs/local/lib/python3.10/dist-packages/micro_ros_msgs-3.0.1-py3.10.egg-info
[14.136s] -- Installing: /home/chawanvit/install/micro_ros_msgs/local/lib/python3.10/dist-packages/micro_ros_msgs-3.0.1-py3.10.egg-info/top_level.txt
[14.137s] -- Installing: /home/chawanvit/install/micro_ros_msgs/local/lib/python3.10/dist-packages/micro_ros_msgs-3.0.1-py3.10.egg-info/SOURCES.txt
[14.137s] -- Installing: /home/chawanvit/install/micro_ros_msgs/local/lib/python3.10/dist-packages/micro_ros_msgs-3.0.1-py3.10.egg-info/PKG-INFO
[14.137s] -- Installing: /home/chawanvit/install/micro_ros_msgs/local/lib/python3.10/dist-packages/micro_ros_msgs-3.0.1-py3.10.egg-info/dependency_links.txt
[14.138s] -- Installing: /home/chawanvit/install/micro_ros_msgs/local/lib/python3.10/dist-packages/micro_ros_msgs
[14.138s] -- Installing: /home/chawanvit/install/micro_ros_msgs/local/lib/python3.10/dist-packages/micro_ros_msgs/micro_ros_msgs_s__rosidl_typesupport_introspection_c.cpython-310-x86_64-linux-gnu.so
[14.138s] -- Installing: /home/chawanvit/install/micro_ros_msgs/local/lib/python3.10/dist-packages/micro_ros_msgs/_micro_ros_msgs_s.ep.rosidl_typesupport_introspection_c.c
[14.139s] -- Installing: /home/chawanvit/install/micro_ros_msgs/local/lib/python3.10/dist-packages/micro_ros_msgs/msg
[14.139s] -- Installing: /home/chawanvit/install/micro_ros_msgs/local/lib/python3.10/dist-packages/micro_ros_msgs/msg/_entity_s.c
[14.139s] -- Installing: /home/chawanvit/install/micro_ros_msgs/local/lib/python3.10/dist-packages/micro_ros_msgs/msg/_node.py
[14.141s] -- Installing: /home/chawanvit/install/micro_ros_msgs/local/lib/python3.10/dist-packages/micro_ros_msgs/msg/_node_s.c
[14.141s] -- Installing: /home/chawanvit/install/micro_ros_msgs/local/lib/python3.10/dist-packages/micro_ros_msgs/msg/_graph.py
[14.143s] -- Installing: /home/chawanvit/install/micro_ros_msgs/local/lib/python3.10/dist-packages/micro_ros_msgs/msg/__init__.py
[14.143s] -- Installing: /home/chawanvit/install/micro_ros_msgs/local/lib/python3.10/dist-packages/micro_ros_msgs/msg/_graph_s.c
[14.143s] -- Installing: /home/chawanvit/install/micro_ros_msgs/local/lib/python3.10/dist-packages/micro_ros_msgs/msg/_entity.py
[14.143s] -- Installing: /home/chawanvit/install/micro_ros_msgs/local/lib/python3.10/dist-packages/micro_ros_msgs/_micro_ros_msgs_s.ep.rosidl_typesupport_fastrtps_c.c
[14.143s] -- Installing: /home/chawanvit/install/micro_ros_msgs/local/lib/python3.10/dist-packages/micro_ros_msgs/__init__.py
[14.143s] -- Installing: /home/chawanvit/install/micro_ros_msgs/local/lib/python3.10/dist-packages/micro_ros_msgs/_micro_ros_msgs_s.ep.rosidl_typesupport_c.c
[14.143s] -- Installing: /home/chawanvit/install/micro_ros_msgs/local/lib/python3.10/dist-packages/micro_ros_msgs/micro_ros_msgs_s__rosidl_typesupport_c.cpython-310-x86_64-linux-gnu.so
[14.144s] -- Installing: /home/chawanvit/install/micro_ros_msgs/local/lib/python3.10/dist-packages/micro_ros_msgs/micro_ros_msgs_s__rosidl_typesupport_fastrtps_c.cpython-310-x86_64-linux-gnu.so
[14.144s] -- Installing: /home/chawanvit/install/micro_ros_msgs/local/lib/python3.10/dist-packages/micro_ros_msgs/libmicro_ros_msgs__rosidl_generator_py.so
[14.216s] Listing '/home/chawanvit/install/micro_ros_msgs/local/lib/python3.10/dist-packages/micro_ros_msgs'...
[14.217s] Compiling '/home/chawanvit/install/micro_ros_msgs/local/lib/python3.10/dist-packages/micro_ros_msgs/__init__.py'...
[14.217s] Listing '/home/chawanvit/install/micro_ros_msgs/local/lib/python3.10/dist-packages/micro_ros_msgs/msg'...
[14.217s] Compiling '/home/chawanvit/install/micro_ros_msgs/local/lib/python3.10/dist-packages/micro_ros_msgs/msg/__init__.py'...
[14.217s] Compiling '/home/chawanvit/install/micro_ros_msgs/local/lib/python3.10/dist-packages/micro_ros_msgs/msg/_entity.py'...
[14.217s] Compiling '/home/chawanvit/install/micro_ros_msgs/local/lib/python3.10/dist-packages/micro_ros_msgs/msg/_graph.py'...
[14.217s] Compiling '/home/chawanvit/install/micro_ros_msgs/local/lib/python3.10/dist-packages/micro_ros_msgs/msg/_node.py'...
[14.229s] -- Installing: /home/chawanvit/install/micro_ros_msgs/local/lib/python3.10/dist-packages/micro_ros_msgs/micro_ros_msgs_s__rosidl_typesupport_fastrtps_c.cpython-310-x86_64-linux-gnu.so
[14.229s] -- Set runtime path of "/home/chawanvit/install/micro_ros_msgs/local/lib/python3.10/dist-packages/micro_ros_msgs/micro_ros_msgs_s__rosidl_typesupport_fastrtps_c.cpython-310-x86_64-linux-gnu.so" to ""
[14.230s] -- Installing: /home/chawanvit/install/micro_ros_msgs/local/lib/python3.10/dist-packages/micro_ros_msgs/micro_ros_msgs_s__rosidl_typesupport_introspection_c.cpython-310-x86_64-linux-gnu.so
[14.230s] -- Set runtime path of "/home/chawanvit/install/micro_ros_msgs/local/lib/python3.10/dist-packages/micro_ros_msgs/micro_ros_msgs_s__rosidl_typesupport_introspection_c.cpython-310-x86_64-linux-gnu.so" to ""
[14.231s] -- Installing: /home/chawanvit/install/micro_ros_msgs/local/lib/python3.10/dist-packages/micro_ros_msgs/micro_ros_msgs_s__rosidl_typesupport_c.cpython-310-x86_64-linux-gnu.so
[14.232s] -- Set runtime path of "/home/chawanvit/install/micro_ros_msgs/local/lib/python3.10/dist-packages/micro_ros_msgs/micro_ros_msgs_s__rosidl_typesupport_c.cpython-310-x86_64-linux-gnu.so" to ""
[14.232s] -- Installing: /home/chawanvit/install/micro_ros_msgs/lib/libmicro_ros_msgs__rosidl_generator_py.so
[14.233s] -- Set runtime path of "/home/chawanvit/install/micro_ros_msgs/lib/libmicro_ros_msgs__rosidl_generator_py.so" to ""
[14.234s] -- Installing: /home/chawanvit/install/micro_ros_msgs/share/micro_ros_msgs/msg/Graph.idl
[14.234s] -- Installing: /home/chawanvit/install/micro_ros_msgs/share/micro_ros_msgs/msg/Node.idl
[14.234s] -- Installing: /home/chawanvit/install/micro_ros_msgs/share/micro_ros_msgs/msg/Entity.idl
[14.235s] -- Installing: /home/chawanvit/install/micro_ros_msgs/share/micro_ros_msgs/msg/Graph.msg
[14.235s] -- Installing: /home/chawanvit/install/micro_ros_msgs/share/micro_ros_msgs/msg/Node.msg
[14.236s] -- Installing: /home/chawanvit/install/micro_ros_msgs/share/micro_ros_msgs/msg/Entity.msg
[14.237s] -- Installing: /home/chawanvit/install/micro_ros_msgs/share/ament_index/resource_index/package_run_dependencies/micro_ros_msgs
[14.238s] -- Installing: /home/chawanvit/install/micro_ros_msgs/share/ament_index/resource_index/parent_prefix_path/micro_ros_msgs
[14.238s] -- Installing: /home/chawanvit/install/micro_ros_msgs/share/micro_ros_msgs/environment/ament_prefix_path.sh
[14.238s] -- Installing: /home/chawanvit/install/micro_ros_msgs/share/micro_ros_msgs/environment/ament_prefix_path.dsv
[14.239s] -- Installing: /home/chawanvit/install/micro_ros_msgs/share/micro_ros_msgs/environment/path.sh
[14.239s] -- Installing: /home/chawanvit/install/micro_ros_msgs/share/micro_ros_msgs/environment/path.dsv
[14.240s] -- Installing: /home/chawanvit/install/micro_ros_msgs/share/micro_ros_msgs/local_setup.bash
[14.240s] -- Installing: /home/chawanvit/install/micro_ros_msgs/share/micro_ros_msgs/local_setup.sh
[14.240s] -- Installing: /home/chawanvit/install/micro_ros_msgs/share/micro_ros_msgs/local_setup.zsh
[14.241s] -- Installing: /home/chawanvit/install/micro_ros_msgs/share/micro_ros_msgs/local_setup.dsv
[14.241s] -- Installing: /home/chawanvit/install/micro_ros_msgs/share/micro_ros_msgs/package.dsv
[14.242s] -- Installing: /home/chawanvit/install/micro_ros_msgs/share/ament_index/resource_index/packages/micro_ros_msgs
[14.242s] -- Installing: /home/chawanvit/install/micro_ros_msgs/share/micro_ros_msgs/cmake/export_micro_ros_msgs__rosidl_generator_cExport.cmake
[14.243s] -- Installing: /home/chawanvit/install/micro_ros_msgs/share/micro_ros_msgs/cmake/export_micro_ros_msgs__rosidl_generator_cExport-noconfig.cmake
[14.243s] -- Installing: /home/chawanvit/install/micro_ros_msgs/share/micro_ros_msgs/cmake/export_micro_ros_msgs__rosidl_typesupport_fastrtps_cExport.cmake
[14.244s] -- Installing: /home/chawanvit/install/micro_ros_msgs/share/micro_ros_msgs/cmake/export_micro_ros_msgs__rosidl_typesupport_fastrtps_cExport-noconfig.cmake
[14.244s] -- Installing: /home/chawanvit/install/micro_ros_msgs/share/micro_ros_msgs/cmake/micro_ros_msgs__rosidl_typesupport_introspection_cExport.cmake
[14.244s] -- Installing: /home/chawanvit/install/micro_ros_msgs/share/micro_ros_msgs/cmake/micro_ros_msgs__rosidl_typesupport_introspection_cExport-noconfig.cmake
[14.245s] -- Installing: /home/chawanvit/install/micro_ros_msgs/share/micro_ros_msgs/cmake/micro_ros_msgs__rosidl_typesupport_cExport.cmake
[14.245s] -- Installing: /home/chawanvit/install/micro_ros_msgs/share/micro_ros_msgs/cmake/micro_ros_msgs__rosidl_typesupport_cExport-noconfig.cmake
[14.245s] -- Installing: /home/chawanvit/install/micro_ros_msgs/share/micro_ros_msgs/cmake/export_micro_ros_msgs__rosidl_generator_cppExport.cmake
[14.246s] -- Installing: /home/chawanvit/install/micro_ros_msgs/share/micro_ros_msgs/cmake/export_micro_ros_msgs__rosidl_typesupport_fastrtps_cppExport.cmake
[14.248s] -- Installing: /home/chawanvit/install/micro_ros_msgs/share/micro_ros_msgs/cmake/export_micro_ros_msgs__rosidl_typesupport_fastrtps_cppExport-noconfig.cmake
[14.248s] -- Installing: /home/chawanvit/install/micro_ros_msgs/share/micro_ros_msgs/cmake/micro_ros_msgs__rosidl_typesupport_introspection_cppExport.cmake
[14.248s] -- Installing: /home/chawanvit/install/micro_ros_msgs/share/micro_ros_msgs/cmake/micro_ros_msgs__rosidl_typesupport_introspection_cppExport-noconfig.cmake
[14.248s] -- Installing: /home/chawanvit/install/micro_ros_msgs/share/micro_ros_msgs/cmake/micro_ros_msgs__rosidl_typesupport_cppExport.cmake
[14.248s] -- Installing: /home/chawanvit/install/micro_ros_msgs/share/micro_ros_msgs/cmake/micro_ros_msgs__rosidl_typesupport_cppExport-noconfig.cmake
[14.248s] -- Installing: /home/chawanvit/install/micro_ros_msgs/share/micro_ros_msgs/cmake/export_micro_ros_msgs__rosidl_generator_pyExport.cmake
[14.248s] -- Installing: /home/chawanvit/install/micro_ros_msgs/share/micro_ros_msgs/cmake/export_micro_ros_msgs__rosidl_generator_pyExport-noconfig.cmake
[14.250s] -- Installing: /home/chawanvit/install/micro_ros_msgs/share/micro_ros_msgs/cmake/rosidl_cmake-extras.cmake
[14.250s] -- Installing: /home/chawanvit/install/micro_ros_msgs/share/micro_ros_msgs/cmake/ament_cmake_export_include_directories-extras.cmake
[14.250s] -- Installing: /home/chawanvit/install/micro_ros_msgs/share/micro_ros_msgs/cmake/ament_cmake_export_libraries-extras.cmake
[14.250s] -- Installing: /home/chawanvit/install/micro_ros_msgs/share/micro_ros_msgs/cmake/ament_cmake_export_targets-extras.cmake
[14.250s] -- Installing: /home/chawanvit/install/micro_ros_msgs/share/micro_ros_msgs/cmake/rosidl_cmake_export_typesupport_targets-extras.cmake
[14.250s] -- Installing: /home/chawanvit/install/micro_ros_msgs/share/micro_ros_msgs/cmake/ament_cmake_export_dependencies-extras.cmake
[14.251s] -- Installing: /home/chawanvit/install/micro_ros_msgs/share/micro_ros_msgs/cmake/rosidl_cmake_export_typesupport_libraries-extras.cmake
[14.251s] -- Installing: /home/chawanvit/install/micro_ros_msgs/share/micro_ros_msgs/cmake/micro_ros_msgsConfig.cmake
[14.252s] -- Installing: /home/chawanvit/install/micro_ros_msgs/share/micro_ros_msgs/cmake/micro_ros_msgsConfig-version.cmake
[14.252s] -- Installing: /home/chawanvit/install/micro_ros_msgs/share/micro_ros_msgs/package.xml
[14.259s] Invoked command in '/home/chawanvit/build/micro_ros_msgs' returned '0': CMAKE_PREFIX_PATH=/opt/ros/humble /usr/bin/cmake --install /home/chawanvit/build/micro_ros_msgs
